<?xml version="1.0" encoding="UTF-8"?>
<!-- Generated by org.testng.reporters.JUnitReportReporter -->
<testsuite hostname="DESKTOP-30NH0U4" failures="0" tests="3" name="com.jejakin.selenium.step_definitions.TestRunner" time="125.375" errors="0" timestamp="2023-08-21T15:53:48 WIB" skipped="0">
  <testcase classname="com.jejakin.selenium.step_definitions.TestRunner" name="runScenario" time="47.849"/>
  <system-out/>
  <testcase classname="com.jejakin.selenium.step_definitions.TestRunner" name="runScenario" time="56.687"/>
  <system-out/>
  <testcase classname="com.jejakin.selenium.step_definitions.TestRunner" name="runScenario" time="20.839"/>
  <system-out/>
</testsuite> <!-- com.jejakin.selenium.step_definitions.TestRunner -->
